<?xml version="1.0" encoding="UTF-8"?>
<!-- Generated by org.testng.reporters.JUnitReportReporter -->
<testsuite hostname="Dipak" failures="0" tests="2" name="com.entrata.qa.testcase.ResourcepageTest" time="58.145" errors="0" timestamp="2024-02-10T17:08:09 IST" skipped="0">
  <testcase classname="com.entrata.qa.testcase.ResourcepageTest" name="DownloadBtnTest" time="42.508"/>
  <testcase classname="com.entrata.qa.testcase.ResourcepageTest" name="verifyText" time="15.637"/>
</testsuite> <!-- com.entrata.qa.testcase.ResourcepageTest -->
