<?xml version="1.0" encoding="UTF-8"?>
<!-- Generated by org.testng.reporters.JUnitReportReporter -->
<testsuite hostname="Dipak" failures="0" tests="2" name="com.entrata.qa.testcase.ResourcepageTest" time="58.901" errors="0" timestamp="2024-02-11T13:31:21 IST" skipped="0">
  <testcase classname="com.entrata.qa.testcase.ResourcepageTest" name="DownloadBtnTest" time="28.228"/>
  <testcase classname="com.entrata.qa.testcase.ResourcepageTest" name="verifyText" time="30.673"/>
</testsuite> <!-- com.entrata.qa.testcase.ResourcepageTest -->
