<?xml version="1.0" encoding="UTF-8"?>
<!-- Generated by org.testng.reporters.JUnitReportReporter -->
<testsuite hostname="Dipak" failures="0" tests="1" name="com.entrata.qa.testcase.SignInTest" time="50.937" errors="0" timestamp="2024-02-11T14:00:45 IST" skipped="0">
  <testcase classname="com.entrata.qa.testcase.SignInTest" name="propertiManagerTest" time="50.937"/>
</testsuite> <!-- com.entrata.qa.testcase.SignInTest -->
