<?xml version="1.0" encoding="UTF-8"?>
<!-- Generated by org.testng.reporters.JUnitReportReporter -->
<testsuite hostname="Dipak" failures="0" tests="7" name="com.entrata.qa.testcase.EntrataDashboardTest" time="246.920" errors="0" timestamp="2024-02-11T11:37:45 IST" skipped="0">
  <testcase classname="com.entrata.qa.testcase.EntrataDashboardTest" name="pagetitleTest" time="24.656"/>
  <testcase classname="com.entrata.qa.testcase.EntrataDashboardTest" name="entratalogoTest" time="27.728"/>
  <testcase classname="com.entrata.qa.testcase.EntrataDashboardTest" name="watchdemoTest" time="44.389"/>
  <testcase classname="com.entrata.qa.testcase.EntrataDashboardTest" name="ClickSigninTest" time="49.079"/>
  <testcase classname="com.entrata.qa.testcase.EntrataDashboardTest" name="ClickProductTest" time="24.329"/>
  <testcase classname="com.entrata.qa.testcase.EntrataDashboardTest" name="ClickSolutionallTest" time="59.288"/>
  <testcase classname="com.entrata.qa.testcase.EntrataDashboardTest" name="ClickResourceTest" time="17.451"/>
</testsuite> <!-- com.entrata.qa.testcase.EntrataDashboardTest -->
