<?xml version="1.0" encoding="UTF-8"?>
<!-- Generated by org.testng.reporters.JUnitReportReporter -->
<testsuite hostname="Dipak" failures="0" tests="7" name="com.entrata.qa.testcase.EntrataDashboardTest" time="137.520" errors="0" timestamp="2024-02-10T17:08:09 IST" skipped="0">
  <testcase classname="com.entrata.qa.testcase.EntrataDashboardTest" name="pagetitleTest" time="13.038"/>
  <testcase classname="com.entrata.qa.testcase.EntrataDashboardTest" name="entratalogoTest" time="16.316"/>
  <testcase classname="com.entrata.qa.testcase.EntrataDashboardTest" name="watchdemoTest" time="33.088"/>
  <testcase classname="com.entrata.qa.testcase.EntrataDashboardTest" name="ClickSigninTest" time="20.535"/>
  <testcase classname="com.entrata.qa.testcase.EntrataDashboardTest" name="ClickProductTest" time="12.212"/>
  <testcase classname="com.entrata.qa.testcase.EntrataDashboardTest" name="ClickSolutionallTest" time="18.338"/>
  <testcase classname="com.entrata.qa.testcase.EntrataDashboardTest" name="ClickResourceTest" time="23.993"/>
</testsuite> <!-- com.entrata.qa.testcase.EntrataDashboardTest -->
